Determining if the pthread_create exist failed with the following output:
Change Dir: /home/xyliu/Documents/LASBlock/build/CMakeFiles/CMakeTmp

Run Build Command:"/usr/bin/make" "cmTC_69ae2/fast"
/usr/bin/make -f CMakeFiles/cmTC_69ae2.dir/build.make CMakeFiles/cmTC_69ae2.dir/build
make[1]: Entering directory '/home/xyliu/Documents/LASBlock/build/CMakeFiles/CMakeTmp'
Building C object CMakeFiles/cmTC_69ae2.dir/CheckSymbolExists.c.o
/usr/bin/gcc-7    -o CMakeFiles/cmTC_69ae2.dir/CheckSymbolExists.c.o   -c /home/xyliu/Documents/LASBlock/build/CMakeFiles/CMakeTmp/CheckSymbolExists.c
Linking C executable cmTC_69ae2
/usr/bin/cmake -E cmake_link_script CMakeFiles/cmTC_69ae2.dir/link.txt --verbose=1
/usr/bin/gcc-7      -rdynamic CMakeFiles/cmTC_69ae2.dir/CheckSymbolExists.c.o  -o cmTC_69ae2 
CMakeFiles/cmTC_69ae2.dir/CheckSymbolExists.c.o: In function `main':
CheckSymbolExists.c:(.text+0x1b): undefined reference to `pthread_create'
collect2: error: ld returned 1 exit status
CMakeFiles/cmTC_69ae2.dir/build.make:97: recipe for target 'cmTC_69ae2' failed
make[1]: *** [cmTC_69ae2] Error 1
make[1]: Leaving directory '/home/xyliu/Documents/LASBlock/build/CMakeFiles/CMakeTmp'
Makefile:126: recipe for target 'cmTC_69ae2/fast' failed
make: *** [cmTC_69ae2/fast] Error 2

File /home/xyliu/Documents/LASBlock/build/CMakeFiles/CMakeTmp/CheckSymbolExists.c:
/* */
#include <pthread.h>

int main(int argc, char** argv)
{
  (void)argv;
#ifndef pthread_create
  return ((int*)(&pthread_create))[argc];
#else
  (void)argc;
  return 0;
#endif
}

Determining if the function pthread_create exists in the pthreads failed with the following output:
Change Dir: /home/xyliu/Documents/LASBlock/build/CMakeFiles/CMakeTmp

Run Build Command:"/usr/bin/make" "cmTC_2da21/fast"
/usr/bin/make -f CMakeFiles/cmTC_2da21.dir/build.make CMakeFiles/cmTC_2da21.dir/build
make[1]: Entering directory '/home/xyliu/Documents/LASBlock/build/CMakeFiles/CMakeTmp'
Building C object CMakeFiles/cmTC_2da21.dir/CheckFunctionExists.c.o
/usr/bin/gcc-7   -DCHECK_FUNCTION_EXISTS=pthread_create   -o CMakeFiles/cmTC_2da21.dir/CheckFunctionExists.c.o   -c /usr/share/cmake-3.10/Modules/CheckFunctionExists.c
Linking C executable cmTC_2da21
/usr/bin/cmake -E cmake_link_script CMakeFiles/cmTC_2da21.dir/link.txt --verbose=1
/usr/bin/gcc-7  -DCHECK_FUNCTION_EXISTS=pthread_create    -rdynamic CMakeFiles/cmTC_2da21.dir/CheckFunctionExists.c.o  -o cmTC_2da21 -lpthreads 
/usr/bin/ld: cannot find -lpthreads
collect2: error: ld returned 1 exit status
CMakeFiles/cmTC_2da21.dir/build.make:97: recipe for target 'cmTC_2da21' failed
make[1]: *** [cmTC_2da21] Error 1
make[1]: Leaving directory '/home/xyliu/Documents/LASBlock/build/CMakeFiles/CMakeTmp'
Makefile:126: recipe for target 'cmTC_2da21/fast' failed
make: *** [cmTC_2da21/fast] Error 2


